Command line invocation:
    /Applications/Xcode.app/Contents/Developer/usr/bin/xcodebuild -scheme LogYourBody -project /Users/timwhite/Documents/GitHub/TBF/LogYourBody/apps/ios/LogYourBody.xcodeproj -configuration Debug -clonedSourcePackagesDirPath SourcePackages -disableAutomaticPackageResolution -destination "generic/platform=iOS Simulator" CODE_SIGNING_REQUIRED=NO CODE_SIGNING_ALLOWED=NO COMPILER_INDEX_STORE_ENABLE=NO clean build CODE_SIGN_IDENTITY= CODE_SIGNING_REQUIRED=NO CODE_SIGN_ENTITLEMENTS= CODE_SIGNING_ALLOWED=NO

Build settings from command line:
    CODE_SIGN_ENTITLEMENTS = 
    CODE_SIGN_IDENTITY = 
    CODE_SIGNING_ALLOWED = NO
    CODE_SIGNING_REQUIRED = NO
    COMPILER_INDEX_STORE_ENABLE = NO

Resolve Package Graph


Resolved source packages:
  SimpleKeychain: https://github.com/auth0/SimpleKeychain @ 1.3.0
  Get: https://github.com/kean/Get @ 2.2.1
  Clerk: https://github.com/clerk/clerk-ios @ 0.59.0
  Factory: https://github.com/hmlongco/Factory @ 2.5.3

note: Using codesigning identity override: 
ComputePackagePrebuildTargetDependencyGraph

CreateBuildRequest

SendProjectDescription

CreateBuildOperation

** CLEAN SUCCEEDED **

note: Using codesigning identity override: 
ComputePackagePrebuildTargetDependencyGraph

Prepare packages

CreateBuildRequest

SendProjectDescription

CreateBuildOperation

ComputeTargetDependencyGraph
note: Building targets in dependency order
note: Target dependency graph (10 targets)
    Target 'LogYourBody' in project 'LogYourBody'
        ➜ Explicit dependency on target 'Clerk' in project 'Clerk'
    Target 'Clerk' in project 'Clerk'
        ➜ Explicit dependency on target 'Clerk' in project 'Clerk'
        ➜ Explicit dependency on target 'Factory' in project 'Factory'
        ➜ Explicit dependency on target 'Get' in project 'Get'
        ➜ Explicit dependency on target 'SimpleKeychain' in project 'SimpleKeychain'
    Target 'Clerk' in project 'Clerk'
        ➜ Explicit dependency on target 'Factory' in project 'Factory'
        ➜ Explicit dependency on target 'Get' in project 'Get'
        ➜ Explicit dependency on target 'SimpleKeychain' in project 'SimpleKeychain'
    Target 'SimpleKeychain' in project 'SimpleKeychain'
        ➜ Explicit dependency on target 'SimpleKeychain' in project 'SimpleKeychain'
    Target 'SimpleKeychain' in project 'SimpleKeychain' (no dependencies)
    Target 'Get' in project 'Get'
        ➜ Explicit dependency on target 'Get' in project 'Get'
    Target 'Get' in project 'Get' (no dependencies)
    Target 'Factory' in project 'Factory'
        ➜ Explicit dependency on target 'Factory' in project 'Factory'
        ➜ Explicit dependency on target 'Factory_Factory' in project 'Factory'
    Target 'Factory' in project 'Factory'
        ➜ Explicit dependency on target 'Factory_Factory' in project 'Factory'
    Target 'Factory_Factory' in project 'Factory' (no dependencies)

GatherProvisioningInputs

CreateBuildDescription

ExecuteExternalTool /Applications/Xcode.app/Contents/Developer/Toolchains/XcodeDefault.xctoolchain/usr/bin/swiftc --version

ExecuteExternalTool /Applications/Xcode.app/Contents/Developer/usr/bin/ibtool --version --output-format xml1
